2026-03-23 03:48:07,876 - ryuk - INFO - [verify_infrastructure.py:11] - --- Starting Infrastructure Verification ---
2026-03-23 03:48:07,876 - ryuk - INFO - [verify_infrastructure.py:15] - This is an info message
2026-03-23 03:48:07,876 - ryuk - WARNING - [verify_infrastructure.py:16] - This is a warning message
2026-03-23 03:48:07,876 - ryuk - ERROR - [verify_infrastructure.py:17] - This is an error message
2026-03-23 03:48:07,876 - ryuk - INFO - [verify_infrastructure.py:20] - Testing exception hierarchy...
2026-03-23 03:48:07,876 - ryuk - INFO - [verify_infrastructure.py:24] - Caught RyukError (as expected): Inference failed
2026-03-23 03:48:07,876 - ryuk - INFO - [verify_infrastructure.py:31] - Caught DatabaseError: Connection lost
2026-03-23 03:48:07,876 - ryuk - INFO - [verify_infrastructure.py:33] - --- Verification Complete ---
2026-03-23 03:48:41,243 - ryuk - INFO - [ai_processor.py:169] - Initializing Global AI Processor | ORT 1.24.2 | Providers: ['TensorrtExecutionProvider', 'CUDAExecutionProvider', 'CPUExecutionProvider']
2026-03-23 03:48:43,381 - ryuk - INFO - [ai_processor.py:225] -   [IO BINDING ✓] Enabled for Face Detection
2026-03-23 03:48:43,413 - ryuk - INFO - [ai_processor.py:265] - [GlobalAI] Batch Worker Started (Threads=4)
2026-03-23 03:48:43,413 - ryuk - INFO - [ai_processor.py:245] -   [TRT ✓] detection active
2026-03-23 03:48:43,413 - ryuk - INFO - [ai_processor.py:245] -   [TRT ✓] recognition active
2026-03-23 03:48:43,413 - ryuk - INFO - [ai_processor.py:391] - GPU Warmup (Managed Batching)...
2026-03-23 03:48:43,579 - ryuk - INFO - [database.py:27] - MongoDB: Database and indexes initialized.
2026-03-23 03:48:43,870 - ryuk - INFO - [ai_processor.py:395] - GPU Warmup Complete.
2026-03-23 03:48:46,601 - ryuk - INFO - [ai_processor.py:169] - Initializing Global AI Processor | ORT 1.24.2 | Providers: ['TensorrtExecutionProvider', 'CUDAExecutionProvider', 'CPUExecutionProvider']
2026-03-23 03:48:47,071 - ryuk - INFO - [ai_processor.py:225] -   [IO BINDING ✓] Enabled for Face Detection
2026-03-23 03:48:47,101 - ryuk - INFO - [ai_processor.py:265] - [GlobalAI] Batch Worker Started (Threads=4)
2026-03-23 03:48:47,101 - ryuk - INFO - [ai_processor.py:245] -   [TRT ✓] detection active
2026-03-23 03:48:47,101 - ryuk - INFO - [ai_processor.py:245] -   [TRT ✓] recognition active
2026-03-23 03:48:47,101 - ryuk - INFO - [ai_processor.py:391] - GPU Warmup (Managed Batching)...
2026-03-23 03:48:47,806 - ryuk - INFO - [ai_processor.py:395] - GPU Warmup Complete.
2026-03-23 03:48:48,766 - ryuk - INFO - [ai_processor.py:169] - Initializing Global AI Processor | ORT 1.24.2 | Providers: ['TensorrtExecutionProvider', 'CUDAExecutionProvider', 'CPUExecutionProvider']
2026-03-23 03:48:49,243 - ryuk - INFO - [ai_processor.py:225] -   [IO BINDING ✓] Enabled for Face Detection
2026-03-23 03:48:49,273 - ryuk - INFO - [ai_processor.py:265] - [GlobalAI] Batch Worker Started (Threads=4)
2026-03-23 03:48:49,273 - ryuk - INFO - [ai_processor.py:245] -   [TRT ✓] detection active
2026-03-23 03:48:49,274 - ryuk - INFO - [ai_processor.py:245] -   [TRT ✓] recognition active
2026-03-23 03:48:49,274 - ryuk - INFO - [ai_processor.py:391] - GPU Warmup (Managed Batching)...
2026-03-23 03:48:49,676 - ryuk - INFO - [ai_processor.py:395] - GPU Warmup Complete.
2026-03-23 03:56:51,550 - ryuk - INFO - [ai_processor.py:169] - Initializing Global AI Processor | ORT 1.24.2 | Providers: ['TensorrtExecutionProvider', 'CUDAExecutionProvider', 'CPUExecutionProvider']
2026-03-23 03:56:52,015 - ryuk - INFO - [ai_processor.py:225] -   [IO BINDING ✓] Enabled for Face Detection
2026-03-23 03:56:52,045 - ryuk - INFO - [ai_processor.py:265] - [GlobalAI] Batch Worker Started (Threads=4)
2026-03-23 03:56:52,045 - ryuk - INFO - [ai_processor.py:245] -   [TRT ✓] detection active
2026-03-23 03:56:52,045 - ryuk - INFO - [ai_processor.py:245] -   [TRT ✓] recognition active
2026-03-23 03:56:52,046 - ryuk - INFO - [ai_processor.py:391] - GPU Warmup (Managed Batching)...
2026-03-23 04:00:08,186 - ryuk - INFO - [ai_processor.py:168] - Initializing Global AI Processor | ORT 1.24.2 | Providers: ['TensorrtExecutionProvider', 'CUDAExecutionProvider', 'CPUExecutionProvider']
2026-03-23 04:00:10,233 - ryuk - INFO - [ai_processor.py:224] -   [IO BINDING ✓] Enabled for Face Detection
2026-03-23 04:00:10,263 - ryuk - INFO - [ai_processor.py:264] - [GlobalAI] Batch Worker Started (Threads=4)
2026-03-23 04:00:10,263 - ryuk - INFO - [ai_processor.py:244] -   [TRT ✓] detection active
2026-03-23 04:00:10,263 - ryuk - INFO - [ai_processor.py:244] -   [TRT ✓] recognition active
2026-03-23 04:00:10,264 - ryuk - INFO - [ai_processor.py:391] - GPU Warmup (Managed Batching)...
2026-03-23 04:00:10,387 - ryuk - INFO - [database.py:27] - MongoDB: Database and indexes initialized.
2026-03-23 04:00:10,500 - ryuk - INFO - [ai_processor.py:395] - GPU Warmup Complete.
2026-03-23 04:00:13,166 - ryuk - INFO - [ai_processor.py:168] - Initializing Global AI Processor | ORT 1.24.2 | Providers: ['TensorrtExecutionProvider', 'CUDAExecutionProvider', 'CPUExecutionProvider']
2026-03-23 04:00:13,632 - ryuk - INFO - [ai_processor.py:224] -   [IO BINDING ✓] Enabled for Face Detection
2026-03-23 04:00:13,662 - ryuk - INFO - [ai_processor.py:264] - [GlobalAI] Batch Worker Started (Threads=4)
2026-03-23 04:00:13,662 - ryuk - INFO - [ai_processor.py:244] -   [TRT ✓] detection active
2026-03-23 04:00:13,662 - ryuk - INFO - [ai_processor.py:244] -   [TRT ✓] recognition active
2026-03-23 04:00:13,662 - ryuk - INFO - [ai_processor.py:391] - GPU Warmup (Managed Batching)...
2026-03-23 04:00:14,047 - ryuk - INFO - [ai_processor.py:395] - GPU Warmup Complete.
2026-03-23 04:00:15,248 - ryuk - INFO - [ai_processor.py:168] - Initializing Global AI Processor | ORT 1.24.2 | Providers: ['TensorrtExecutionProvider', 'CUDAExecutionProvider', 'CPUExecutionProvider']
2026-03-23 04:00:15,697 - ryuk - INFO - [ai_processor.py:224] -   [IO BINDING ✓] Enabled for Face Detection
2026-03-23 04:00:15,726 - ryuk - INFO - [ai_processor.py:264] - [GlobalAI] Batch Worker Started (Threads=4)
2026-03-23 04:00:15,726 - ryuk - INFO - [ai_processor.py:244] -   [TRT ✓] detection active
2026-03-23 04:00:15,726 - ryuk - INFO - [ai_processor.py:244] -   [TRT ✓] recognition active
2026-03-23 04:00:15,726 - ryuk - INFO - [ai_processor.py:391] - GPU Warmup (Managed Batching)...
2026-03-23 04:00:15,936 - ryuk - INFO - [ai_processor.py:395] - GPU Warmup Complete.
2026-03-23 04:11:28,340 - ryuk - INFO - [ai_processor.py:168] - Initializing Global AI Processor | ORT 1.24.2 | Providers: ['TensorrtExecutionProvider', 'CUDAExecutionProvider', 'CPUExecutionProvider']
2026-03-23 04:11:28,864 - ryuk - INFO - [ai_processor.py:224] -   [IO BINDING ✓] Enabled for Face Detection
2026-03-23 04:11:28,893 - ryuk - INFO - [ai_processor.py:264] - [GlobalAI] Batch Worker Started (Threads=4)
2026-03-23 04:11:28,893 - ryuk - INFO - [ai_processor.py:244] -   [TRT ✓] detection active
2026-03-23 04:11:28,893 - ryuk - INFO - [ai_processor.py:244] -   [TRT ✓] recognition active
2026-03-23 04:11:28,893 - ryuk - INFO - [ai_processor.py:391] - GPU Warmup (Managed Batching)...
2026-03-23 04:11:29,014 - ryuk - INFO - [database.py:27] - MongoDB: Database and indexes initialized.
2026-03-23 04:11:29,133 - ryuk - INFO - [ai_processor.py:395] - GPU Warmup Complete.
2026-03-23 04:11:31,597 - ryuk - INFO - [ai_processor.py:168] - Initializing Global AI Processor | ORT 1.24.2 | Providers: ['TensorrtExecutionProvider', 'CUDAExecutionProvider', 'CPUExecutionProvider']
2026-03-23 04:11:32,040 - ryuk - INFO - [ai_processor.py:224] -   [IO BINDING ✓] Enabled for Face Detection
2026-03-23 04:11:32,067 - ryuk - INFO - [ai_processor.py:264] - [GlobalAI] Batch Worker Started (Threads=4)
2026-03-23 04:11:32,068 - ryuk - INFO - [ai_processor.py:244] -   [TRT ✓] detection active
2026-03-23 04:11:32,068 - ryuk - INFO - [ai_processor.py:244] -   [TRT ✓] recognition active
2026-03-23 04:11:32,068 - ryuk - INFO - [ai_processor.py:391] - GPU Warmup (Managed Batching)...
2026-03-23 04:11:32,421 - ryuk - INFO - [ai_processor.py:395] - GPU Warmup Complete.
2026-03-23 04:11:33,745 - ryuk - INFO - [ai_processor.py:168] - Initializing Global AI Processor | ORT 1.24.2 | Providers: ['TensorrtExecutionProvider', 'CUDAExecutionProvider', 'CPUExecutionProvider']
2026-03-23 04:11:34,170 - ryuk - INFO - [ai_processor.py:224] -   [IO BINDING ✓] Enabled for Face Detection
2026-03-23 04:11:34,198 - ryuk - INFO - [ai_processor.py:264] - [GlobalAI] Batch Worker Started (Threads=4)
2026-03-23 04:11:34,198 - ryuk - INFO - [ai_processor.py:244] -   [TRT ✓] detection active
2026-03-23 04:11:34,198 - ryuk - INFO - [ai_processor.py:244] -   [TRT ✓] recognition active
2026-03-23 04:11:34,198 - ryuk - INFO - [ai_processor.py:391] - GPU Warmup (Managed Batching)...
2026-03-23 04:11:34,400 - ryuk - INFO - [ai_processor.py:395] - GPU Warmup Complete.
2026-03-23 04:12:54,126 - ryuk - INFO - [ai_processor.py:168] - Initializing Global AI Processor | ORT 1.24.2 | Providers: ['TensorrtExecutionProvider', 'CUDAExecutionProvider', 'CPUExecutionProvider']
2026-03-23 04:12:56,249 - ryuk - INFO - [ai_processor.py:224] -   [IO BINDING ✓] Enabled for Face Detection
2026-03-23 04:12:56,281 - ryuk - INFO - [ai_processor.py:264] - [GlobalAI] Batch Worker Started (Threads=4)
2026-03-23 04:12:56,281 - ryuk - INFO - [ai_processor.py:244] -   [TRT ✓] detection active
2026-03-23 04:12:56,281 - ryuk - INFO - [ai_processor.py:244] -   [TRT ✓] recognition active
2026-03-23 04:12:56,281 - ryuk - INFO - [ai_processor.py:391] - GPU Warmup (Managed Batching)...
2026-03-23 04:12:56,422 - ryuk - INFO - [database.py:27] - MongoDB: Database and indexes initialized.
2026-03-23 04:12:56,553 - ryuk - INFO - [ai_processor.py:395] - GPU Warmup Complete.
2026-03-23 04:12:59,538 - ryuk - INFO - [ai_processor.py:168] - Initializing Global AI Processor | ORT 1.24.2 | Providers: ['TensorrtExecutionProvider', 'CUDAExecutionProvider', 'CPUExecutionProvider']
2026-03-23 04:13:00,031 - ryuk - INFO - [ai_processor.py:224] -   [IO BINDING ✓] Enabled for Face Detection
2026-03-23 04:13:00,062 - ryuk - INFO - [ai_processor.py:264] - [GlobalAI] Batch Worker Started (Threads=4)
2026-03-23 04:13:00,062 - ryuk - INFO - [ai_processor.py:244] -   [TRT ✓] detection active
2026-03-23 04:13:00,063 - ryuk - INFO - [ai_processor.py:244] -   [TRT ✓] recognition active
2026-03-23 04:13:00,063 - ryuk - INFO - [ai_processor.py:391] - GPU Warmup (Managed Batching)...
2026-03-23 04:13:00,497 - ryuk - INFO - [ai_processor.py:395] - GPU Warmup Complete.
2026-03-23 04:13:01,792 - ryuk - INFO - [ai_processor.py:168] - Initializing Global AI Processor | ORT 1.24.2 | Providers: ['TensorrtExecutionProvider', 'CUDAExecutionProvider', 'CPUExecutionProvider']
2026-03-23 04:13:02,293 - ryuk - INFO - [ai_processor.py:224] -   [IO BINDING ✓] Enabled for Face Detection
2026-03-23 04:13:02,325 - ryuk - INFO - [ai_processor.py:264] - [GlobalAI] Batch Worker Started (Threads=4)
2026-03-23 04:13:02,325 - ryuk - INFO - [ai_processor.py:244] -   [TRT ✓] detection active
2026-03-23 04:13:02,325 - ryuk - INFO - [ai_processor.py:244] -   [TRT ✓] recognition active
2026-03-23 04:13:02,325 - ryuk - INFO - [ai_processor.py:391] - GPU Warmup (Managed Batching)...
2026-03-23 04:13:02,580 - ryuk - INFO - [ai_processor.py:395] - GPU Warmup Complete.
2026-03-23 04:15:51,952 - ryuk - INFO - [ai_processor.py:168] - Initializing Global AI Processor | ORT 1.24.2 | Providers: ['TensorrtExecutionProvider', 'CUDAExecutionProvider', 'CPUExecutionProvider']
2026-03-23 04:15:54,023 - ryuk - INFO - [ai_processor.py:224] -   [IO BINDING ✓] Enabled for Face Detection
2026-03-23 04:15:54,052 - ryuk - INFO - [ai_processor.py:264] - [GlobalAI] Batch Worker Started (Threads=4)
2026-03-23 04:15:54,052 - ryuk - INFO - [ai_processor.py:244] -   [TRT ✓] detection active
2026-03-23 04:15:54,052 - ryuk - INFO - [ai_processor.py:244] -   [TRT ✓] recognition active
2026-03-23 04:15:54,053 - ryuk - INFO - [ai_processor.py:391] - GPU Warmup (Managed Batching)...
2026-03-23 04:15:54,179 - ryuk - INFO - [database.py:27] - MongoDB: Database and indexes initialized.
2026-03-23 04:15:54,331 - ryuk - INFO - [ai_processor.py:395] - GPU Warmup Complete.
2026-03-23 04:15:56,960 - ryuk - INFO - [ai_processor.py:168] - Initializing Global AI Processor | ORT 1.24.2 | Providers: ['TensorrtExecutionProvider', 'CUDAExecutionProvider', 'CPUExecutionProvider']
2026-03-23 04:15:57,410 - ryuk - INFO - [ai_processor.py:224] -   [IO BINDING ✓] Enabled for Face Detection
2026-03-23 04:15:57,439 - ryuk - INFO - [ai_processor.py:264] - [GlobalAI] Batch Worker Started (Threads=4)
2026-03-23 04:15:57,439 - ryuk - INFO - [ai_processor.py:244] -   [TRT ✓] detection active
2026-03-23 04:15:57,439 - ryuk - INFO - [ai_processor.py:244] -   [TRT ✓] recognition active
2026-03-23 04:15:57,439 - ryuk - INFO - [ai_processor.py:391] - GPU Warmup (Managed Batching)...
2026-03-23 04:15:57,812 - ryuk - INFO - [ai_processor.py:395] - GPU Warmup Complete.
2026-03-23 04:15:59,097 - ryuk - INFO - [ai_processor.py:168] - Initializing Global AI Processor | ORT 1.24.2 | Providers: ['TensorrtExecutionProvider', 'CUDAExecutionProvider', 'CPUExecutionProvider']
2026-03-23 04:15:59,550 - ryuk - INFO - [ai_processor.py:224] -   [IO BINDING ✓] Enabled for Face Detection
2026-03-23 04:15:59,578 - ryuk - INFO - [ai_processor.py:264] - [GlobalAI] Batch Worker Started (Threads=4)
2026-03-23 04:15:59,578 - ryuk - INFO - [ai_processor.py:244] -   [TRT ✓] detection active
2026-03-23 04:15:59,578 - ryuk - INFO - [ai_processor.py:244] -   [TRT ✓] recognition active
2026-03-23 04:15:59,578 - ryuk - INFO - [ai_processor.py:391] - GPU Warmup (Managed Batching)...
2026-03-23 04:15:59,793 - ryuk - INFO - [ai_processor.py:395] - GPU Warmup Complete.
2026-03-23 04:26:51,049 - ryuk - INFO - [ai_processor.py:168] - Initializing Global AI Processor | ORT 1.24.2 | Providers: ['TensorrtExecutionProvider', 'CUDAExecutionProvider', 'CPUExecutionProvider']
2026-03-23 04:26:53,213 - ryuk - INFO - [ai_processor.py:224] -   [IO BINDING ✓] Enabled for Face Detection
2026-03-23 04:26:53,247 - ryuk - INFO - [ai_processor.py:264] - [GlobalAI] Batch Worker Started (Threads=4)
2026-03-23 04:26:53,247 - ryuk - INFO - [ai_processor.py:244] -   [TRT ✓] detection active
2026-03-23 04:26:53,247 - ryuk - INFO - [ai_processor.py:244] -   [TRT ✓] recognition active
2026-03-23 04:26:53,248 - ryuk - INFO - [ai_processor.py:391] - GPU Warmup (Managed Batching)...
2026-03-23 04:26:53,412 - ryuk - INFO - [database.py:27] - MongoDB: Database and indexes initialized.
2026-03-23 04:26:53,539 - ryuk - INFO - [ai_processor.py:395] - GPU Warmup Complete.
2026-03-23 04:26:56,740 - ryuk - INFO - [ai_processor.py:168] - Initializing Global AI Processor | ORT 1.24.2 | Providers: ['TensorrtExecutionProvider', 'CUDAExecutionProvider', 'CPUExecutionProvider']
2026-03-23 04:26:57,253 - ryuk - INFO - [ai_processor.py:224] -   [IO BINDING ✓] Enabled for Face Detection
2026-03-23 04:26:57,287 - ryuk - INFO - [ai_processor.py:264] - [GlobalAI] Batch Worker Started (Threads=4)
2026-03-23 04:26:57,288 - ryuk - INFO - [ai_processor.py:244] -   [TRT ✓] detection active
2026-03-23 04:26:57,288 - ryuk - INFO - [ai_processor.py:244] -   [TRT ✓] recognition active
2026-03-23 04:26:57,288 - ryuk - INFO - [ai_processor.py:391] - GPU Warmup (Managed Batching)...
2026-03-23 04:26:57,728 - ryuk - INFO - [ai_processor.py:395] - GPU Warmup Complete.
2026-03-23 04:26:58,808 - ryuk - INFO - [ai_processor.py:168] - Initializing Global AI Processor | ORT 1.24.2 | Providers: ['TensorrtExecutionProvider', 'CUDAExecutionProvider', 'CPUExecutionProvider']
2026-03-23 04:26:59,328 - ryuk - INFO - [ai_processor.py:224] -   [IO BINDING ✓] Enabled for Face Detection
2026-03-23 04:26:59,361 - ryuk - INFO - [ai_processor.py:264] - [GlobalAI] Batch Worker Started (Threads=4)
2026-03-23 04:26:59,362 - ryuk - INFO - [ai_processor.py:244] -   [TRT ✓] detection active
2026-03-23 04:26:59,362 - ryuk - INFO - [ai_processor.py:244] -   [TRT ✓] recognition active
2026-03-23 04:26:59,362 - ryuk - INFO - [ai_processor.py:391] - GPU Warmup (Managed Batching)...
2026-03-23 04:26:59,628 - ryuk - INFO - [ai_processor.py:395] - GPU Warmup Complete.
2026-03-23 04:32:50,510 - ryuk - INFO - [ai_processor.py:168] - Initializing Global AI Processor | ORT 1.24.2 | Providers: ['TensorrtExecutionProvider', 'CUDAExecutionProvider', 'CPUExecutionProvider']
2026-03-23 04:32:51,070 - ryuk - INFO - [ai_processor.py:224] -   [IO BINDING ✓] Enabled for Face Detection
2026-03-23 04:32:51,100 - ryuk - INFO - [ai_processor.py:264] - [GlobalAI] Batch Worker Started (Threads=4)
2026-03-23 04:32:51,100 - ryuk - INFO - [ai_processor.py:244] -   [TRT ✓] detection active
2026-03-23 04:32:51,100 - ryuk - INFO - [ai_processor.py:244] -   [TRT ✓] recognition active
2026-03-23 04:32:51,100 - ryuk - INFO - [ai_processor.py:391] - GPU Warmup (Managed Batching)...
2026-03-23 04:32:51,240 - ryuk - INFO - [database.py:27] - MongoDB: Database and indexes initialized.
2026-03-23 04:32:51,377 - ryuk - INFO - [ai_processor.py:395] - GPU Warmup Complete.
2026-03-23 04:32:54,252 - ryuk - INFO - [ai_processor.py:168] - Initializing Global AI Processor | ORT 1.24.2 | Providers: ['TensorrtExecutionProvider', 'CUDAExecutionProvider', 'CPUExecutionProvider']
2026-03-23 04:32:54,765 - ryuk - INFO - [ai_processor.py:224] -   [IO BINDING ✓] Enabled for Face Detection
2026-03-23 04:32:54,797 - ryuk - INFO - [ai_processor.py:264] - [GlobalAI] Batch Worker Started (Threads=4)
2026-03-23 04:32:54,797 - ryuk - INFO - [ai_processor.py:244] -   [TRT ✓] detection active
2026-03-23 04:32:54,797 - ryuk - INFO - [ai_processor.py:244] -   [TRT ✓] recognition active
2026-03-23 04:32:54,797 - ryuk - INFO - [ai_processor.py:391] - GPU Warmup (Managed Batching)...
2026-03-23 04:32:55,254 - ryuk - INFO - [ai_processor.py:395] - GPU Warmup Complete.
2026-03-23 04:32:56,834 - ryuk - INFO - [ai_processor.py:168] - Initializing Global AI Processor | ORT 1.24.2 | Providers: ['TensorrtExecutionProvider', 'CUDAExecutionProvider', 'CPUExecutionProvider']
2026-03-23 04:32:57,366 - ryuk - INFO - [ai_processor.py:224] -   [IO BINDING ✓] Enabled for Face Detection
2026-03-23 04:32:57,398 - ryuk - INFO - [ai_processor.py:264] - [GlobalAI] Batch Worker Started (Threads=4)
2026-03-23 04:32:57,398 - ryuk - INFO - [ai_processor.py:244] -   [TRT ✓] detection active
2026-03-23 04:32:57,398 - ryuk - INFO - [ai_processor.py:244] -   [TRT ✓] recognition active
2026-03-23 04:32:57,398 - ryuk - INFO - [ai_processor.py:391] - GPU Warmup (Managed Batching)...
2026-03-23 04:32:57,657 - ryuk - INFO - [ai_processor.py:395] - GPU Warmup Complete.
2026-03-23 04:38:06,145 - ryuk - INFO - [ai_processor.py:168] - Initializing Global AI Processor | ORT 1.24.2 | Providers: ['TensorrtExecutionProvider', 'CUDAExecutionProvider', 'CPUExecutionProvider']
2026-03-23 04:38:08,233 - ryuk - INFO - [ai_processor.py:224] -   [IO BINDING ✓] Enabled for Face Detection
2026-03-23 04:38:08,264 - ryuk - INFO - [ai_processor.py:264] - [GlobalAI] Batch Worker Started (Threads=4)
2026-03-23 04:38:08,264 - ryuk - INFO - [ai_processor.py:244] -   [TRT ✓] detection active
2026-03-23 04:38:08,265 - ryuk - INFO - [ai_processor.py:244] -   [TRT ✓] recognition active
2026-03-23 04:38:08,265 - ryuk - INFO - [ai_processor.py:391] - GPU Warmup (Managed Batching)...
2026-03-23 04:38:08,390 - ryuk - INFO - [database.py:27] - MongoDB: Database and indexes initialized.
2026-03-23 04:38:08,529 - ryuk - INFO - [ai_processor.py:395] - GPU Warmup Complete.
2026-03-23 04:38:11,099 - ryuk - INFO - [ai_processor.py:168] - Initializing Global AI Processor | ORT 1.24.2 | Providers: ['TensorrtExecutionProvider', 'CUDAExecutionProvider', 'CPUExecutionProvider']
2026-03-23 04:38:11,546 - ryuk - INFO - [ai_processor.py:224] -   [IO BINDING ✓] Enabled for Face Detection
2026-03-23 04:38:11,574 - ryuk - INFO - [ai_processor.py:264] - [GlobalAI] Batch Worker Started (Threads=4)
2026-03-23 04:38:11,574 - ryuk - INFO - [ai_processor.py:244] -   [TRT ✓] detection active
2026-03-23 04:38:11,574 - ryuk - INFO - [ai_processor.py:244] -   [TRT ✓] recognition active
2026-03-23 04:38:11,574 - ryuk - INFO - [ai_processor.py:391] - GPU Warmup (Managed Batching)...
2026-03-23 04:38:11,949 - ryuk - INFO - [ai_processor.py:395] - GPU Warmup Complete.
2026-03-23 04:38:13,264 - ryuk - INFO - [ai_processor.py:168] - Initializing Global AI Processor | ORT 1.24.2 | Providers: ['TensorrtExecutionProvider', 'CUDAExecutionProvider', 'CPUExecutionProvider']
2026-03-23 04:38:13,720 - ryuk - INFO - [ai_processor.py:224] -   [IO BINDING ✓] Enabled for Face Detection
2026-03-23 04:38:13,752 - ryuk - INFO - [ai_processor.py:264] - [GlobalAI] Batch Worker Started (Threads=4)
2026-03-23 04:38:13,752 - ryuk - INFO - [ai_processor.py:244] -   [TRT ✓] detection active
2026-03-23 04:38:13,752 - ryuk - INFO - [ai_processor.py:244] -   [TRT ✓] recognition active
2026-03-23 04:38:13,753 - ryuk - INFO - [ai_processor.py:391] - GPU Warmup (Managed Batching)...
2026-03-23 04:38:14,013 - ryuk - INFO - [ai_processor.py:395] - GPU Warmup Complete.
2026-03-23 04:48:16,629 - ryuk - INFO - [ai_processor.py:168] - Initializing Global AI Processor | ORT 1.24.2 | Providers: ['TensorrtExecutionProvider', 'CUDAExecutionProvider', 'CPUExecutionProvider']
2026-03-23 04:48:18,763 - ryuk - INFO - [ai_processor.py:224] -   [IO BINDING ✓] Enabled for Face Detection
2026-03-23 04:48:18,795 - ryuk - INFO - [ai_processor.py:264] - [GlobalAI] Batch Worker Started (Threads=4)
2026-03-23 04:48:18,795 - ryuk - INFO - [ai_processor.py:244] -   [TRT ✓] detection active
2026-03-23 04:48:18,796 - ryuk - INFO - [ai_processor.py:244] -   [TRT ✓] recognition active
2026-03-23 04:48:18,796 - ryuk - INFO - [ai_processor.py:391] - GPU Warmup (Managed Batching)...
2026-03-23 04:48:18,944 - ryuk - INFO - [database.py:27] - MongoDB: Database and indexes initialized.
2026-03-23 04:48:19,072 - ryuk - INFO - [ai_processor.py:395] - GPU Warmup Complete.
2026-03-23 04:48:22,219 - ryuk - INFO - [ai_processor.py:168] - Initializing Global AI Processor | ORT 1.24.2 | Providers: ['TensorrtExecutionProvider', 'CUDAExecutionProvider', 'CPUExecutionProvider']
2026-03-23 04:48:22,697 - ryuk - INFO - [ai_processor.py:224] -   [IO BINDING ✓] Enabled for Face Detection
2026-03-23 04:48:22,728 - ryuk - INFO - [ai_processor.py:264] - [GlobalAI] Batch Worker Started (Threads=4)
2026-03-23 04:48:22,728 - ryuk - INFO - [ai_processor.py:244] -   [TRT ✓] detection active
2026-03-23 04:48:22,728 - ryuk - INFO - [ai_processor.py:244] -   [TRT ✓] recognition active
2026-03-23 04:48:22,728 - ryuk - INFO - [ai_processor.py:391] - GPU Warmup (Managed Batching)...
2026-03-23 04:48:23,149 - ryuk - INFO - [ai_processor.py:395] - GPU Warmup Complete.
2026-03-23 04:48:24,219 - ryuk - INFO - [ai_processor.py:168] - Initializing Global AI Processor | ORT 1.24.2 | Providers: ['TensorrtExecutionProvider', 'CUDAExecutionProvider', 'CPUExecutionProvider']
2026-03-23 04:48:24,744 - ryuk - INFO - [ai_processor.py:224] -   [IO BINDING ✓] Enabled for Face Detection
2026-03-23 04:48:24,777 - ryuk - INFO - [ai_processor.py:264] - [GlobalAI] Batch Worker Started (Threads=4)
2026-03-23 04:48:24,777 - ryuk - INFO - [ai_processor.py:244] -   [TRT ✓] detection active
2026-03-23 04:48:24,777 - ryuk - INFO - [ai_processor.py:244] -   [TRT ✓] recognition active
2026-03-23 04:48:24,777 - ryuk - INFO - [ai_processor.py:391] - GPU Warmup (Managed Batching)...
2026-03-23 04:48:25,028 - ryuk - INFO - [ai_processor.py:395] - GPU Warmup Complete.
2026-03-23 04:52:12,713 - ryuk - INFO - [ai_processor.py:168] - Initializing Global AI Processor | ORT 1.24.2 | Providers: ['TensorrtExecutionProvider', 'CUDAExecutionProvider', 'CPUExecutionProvider']
2026-03-23 04:52:14,823 - ryuk - INFO - [ai_processor.py:224] -   [IO BINDING ✓] Enabled for Face Detection
2026-03-23 04:52:14,856 - ryuk - INFO - [ai_processor.py:264] - [GlobalAI] Batch Worker Started (Threads=4)
2026-03-23 04:52:14,856 - ryuk - INFO - [ai_processor.py:244] -   [TRT ✓] detection active
2026-03-23 04:52:14,856 - ryuk - INFO - [ai_processor.py:244] -   [TRT ✓] recognition active
2026-03-23 04:52:14,857 - ryuk - INFO - [ai_processor.py:391] - GPU Warmup (Managed Batching)...
2026-03-23 04:52:14,992 - ryuk - INFO - [database.py:27] - MongoDB: Database and indexes initialized.
2026-03-23 04:52:15,130 - ryuk - INFO - [ai_processor.py:395] - GPU Warmup Complete.
2026-03-23 04:52:18,198 - ryuk - INFO - [ai_processor.py:168] - Initializing Global AI Processor | ORT 1.24.2 | Providers: ['TensorrtExecutionProvider', 'CUDAExecutionProvider', 'CPUExecutionProvider']
2026-03-23 04:52:18,688 - ryuk - INFO - [ai_processor.py:224] -   [IO BINDING ✓] Enabled for Face Detection
2026-03-23 04:52:18,719 - ryuk - INFO - [ai_processor.py:264] - [GlobalAI] Batch Worker Started (Threads=4)
2026-03-23 04:52:18,720 - ryuk - INFO - [ai_processor.py:244] -   [TRT ✓] detection active
2026-03-23 04:52:18,720 - ryuk - INFO - [ai_processor.py:244] -   [TRT ✓] recognition active
2026-03-23 04:52:18,720 - ryuk - INFO - [ai_processor.py:391] - GPU Warmup (Managed Batching)...
2026-03-23 04:52:19,179 - ryuk - INFO - [ai_processor.py:395] - GPU Warmup Complete.
2026-03-23 04:52:20,437 - ryuk - INFO - [ai_processor.py:168] - Initializing Global AI Processor | ORT 1.24.2 | Providers: ['TensorrtExecutionProvider', 'CUDAExecutionProvider', 'CPUExecutionProvider']
2026-03-23 04:52:20,975 - ryuk - INFO - [ai_processor.py:224] -   [IO BINDING ✓] Enabled for Face Detection
2026-03-23 04:52:21,010 - ryuk - INFO - [ai_processor.py:264] - [GlobalAI] Batch Worker Started (Threads=4)
2026-03-23 04:52:21,010 - ryuk - INFO - [ai_processor.py:244] -   [TRT ✓] detection active
2026-03-23 04:52:21,010 - ryuk - INFO - [ai_processor.py:244] -   [TRT ✓] recognition active
2026-03-23 04:52:21,011 - ryuk - INFO - [ai_processor.py:391] - GPU Warmup (Managed Batching)...
2026-03-23 04:52:21,267 - ryuk - INFO - [ai_processor.py:395] - GPU Warmup Complete.
2026-03-23 04:56:03,635 - ryuk - INFO - [ai_processor.py:168] - Initializing Global AI Processor | ORT 1.24.2 | Providers: ['TensorrtExecutionProvider', 'CUDAExecutionProvider', 'CPUExecutionProvider']
2026-03-23 04:56:04,272 - ryuk - INFO - [ai_processor.py:224] -   [IO BINDING ✓] Enabled for Face Detection
2026-03-23 04:56:04,306 - ryuk - INFO - [ai_processor.py:264] - [GlobalAI] Batch Worker Started (Threads=4)
2026-03-23 04:56:04,306 - ryuk - INFO - [ai_processor.py:244] -   [TRT ✓] detection active
2026-03-23 04:56:04,306 - ryuk - INFO - [ai_processor.py:244] -   [TRT ✓] recognition active
2026-03-23 04:56:04,307 - ryuk - INFO - [ai_processor.py:391] - GPU Warmup (Managed Batching)...
2026-03-23 04:56:04,459 - ryuk - INFO - [database.py:27] - MongoDB: Database and indexes initialized.
2026-03-23 04:56:04,599 - ryuk - INFO - [ai_processor.py:395] - GPU Warmup Complete.
2026-03-23 04:56:08,031 - ryuk - INFO - [ai_processor.py:168] - Initializing Global AI Processor | ORT 1.24.2 | Providers: ['TensorrtExecutionProvider', 'CUDAExecutionProvider', 'CPUExecutionProvider']
2026-03-23 04:56:08,530 - ryuk - INFO - [ai_processor.py:224] -   [IO BINDING ✓] Enabled for Face Detection
2026-03-23 04:56:08,562 - ryuk - INFO - [ai_processor.py:264] - [GlobalAI] Batch Worker Started (Threads=4)
2026-03-23 04:56:08,562 - ryuk - INFO - [ai_processor.py:244] -   [TRT ✓] detection active
2026-03-23 04:56:08,562 - ryuk - INFO - [ai_processor.py:244] -   [TRT ✓] recognition active
2026-03-23 04:56:08,563 - ryuk - INFO - [ai_processor.py:391] - GPU Warmup (Managed Batching)...
2026-03-23 04:56:09,011 - ryuk - INFO - [ai_processor.py:395] - GPU Warmup Complete.
2026-03-23 04:56:09,924 - ryuk - INFO - [ai_processor.py:168] - Initializing Global AI Processor | ORT 1.24.2 | Providers: ['TensorrtExecutionProvider', 'CUDAExecutionProvider', 'CPUExecutionProvider']
2026-03-23 04:56:10,498 - ryuk - INFO - [ai_processor.py:224] -   [IO BINDING ✓] Enabled for Face Detection
2026-03-23 04:56:10,533 - ryuk - INFO - [ai_processor.py:264] - [GlobalAI] Batch Worker Started (Threads=4)
2026-03-23 04:56:10,533 - ryuk - INFO - [ai_processor.py:244] -   [TRT ✓] detection active
2026-03-23 04:56:10,534 - ryuk - INFO - [ai_processor.py:244] -   [TRT ✓] recognition active
2026-03-23 04:56:10,534 - ryuk - INFO - [ai_processor.py:391] - GPU Warmup (Managed Batching)...
2026-03-23 04:56:10,815 - ryuk - INFO - [ai_processor.py:395] - GPU Warmup Complete.
2026-03-23 04:59:20,940 - ryuk - INFO - [ai_processor.py:168] - Initializing Global AI Processor | ORT 1.24.2 | Providers: ['TensorrtExecutionProvider', 'CUDAExecutionProvider', 'CPUExecutionProvider']
2026-03-23 04:59:23,096 - ryuk - INFO - [ai_processor.py:224] -   [IO BINDING ✓] Enabled for Face Detection
2026-03-23 04:59:23,130 - ryuk - INFO - [ai_processor.py:264] - [GlobalAI] Batch Worker Started (Threads=4)
2026-03-23 04:59:23,131 - ryuk - INFO - [ai_processor.py:244] -   [TRT ✓] detection active
2026-03-23 04:59:23,131 - ryuk - INFO - [ai_processor.py:244] -   [TRT ✓] recognition active
2026-03-23 04:59:23,131 - ryuk - INFO - [ai_processor.py:391] - GPU Warmup (Managed Batching)...
2026-03-23 04:59:23,293 - ryuk - INFO - [database.py:27] - MongoDB: Database and indexes initialized.
2026-03-23 04:59:23,431 - ryuk - INFO - [ai_processor.py:395] - GPU Warmup Complete.
2026-03-23 04:59:26,745 - ryuk - INFO - [ai_processor.py:168] - Initializing Global AI Processor | ORT 1.24.2 | Providers: ['TensorrtExecutionProvider', 'CUDAExecutionProvider', 'CPUExecutionProvider']
2026-03-23 04:59:27,290 - ryuk - INFO - [ai_processor.py:224] -   [IO BINDING ✓] Enabled for Face Detection
2026-03-23 04:59:27,322 - ryuk - INFO - [ai_processor.py:264] - [GlobalAI] Batch Worker Started (Threads=4)
2026-03-23 04:59:27,322 - ryuk - INFO - [ai_processor.py:244] -   [TRT ✓] detection active
2026-03-23 04:59:27,322 - ryuk - INFO - [ai_processor.py:244] -   [TRT ✓] recognition active
2026-03-23 04:59:27,322 - ryuk - INFO - [ai_processor.py:391] - GPU Warmup (Managed Batching)...
2026-03-23 04:59:27,805 - ryuk - INFO - [ai_processor.py:395] - GPU Warmup Complete.
2026-03-23 04:59:28,973 - ryuk - INFO - [ai_processor.py:168] - Initializing Global AI Processor | ORT 1.24.2 | Providers: ['TensorrtExecutionProvider', 'CUDAExecutionProvider', 'CPUExecutionProvider']
2026-03-23 04:59:29,557 - ryuk - INFO - [ai_processor.py:224] -   [IO BINDING ✓] Enabled for Face Detection
2026-03-23 04:59:29,590 - ryuk - INFO - [ai_processor.py:264] - [GlobalAI] Batch Worker Started (Threads=4)
2026-03-23 04:59:29,590 - ryuk - INFO - [ai_processor.py:244] -   [TRT ✓] detection active
2026-03-23 04:59:29,591 - ryuk - INFO - [ai_processor.py:244] -   [TRT ✓] recognition active
2026-03-23 04:59:29,591 - ryuk - INFO - [ai_processor.py:391] - GPU Warmup (Managed Batching)...
2026-03-23 04:59:29,879 - ryuk - INFO - [ai_processor.py:395] - GPU Warmup Complete.
2026-03-23 05:01:24,226 - ryuk - INFO - [ai_processor.py:168] - Initializing Global AI Processor | ORT 1.24.2 | Providers: ['TensorrtExecutionProvider', 'CUDAExecutionProvider', 'CPUExecutionProvider']
2026-03-23 05:01:26,406 - ryuk - INFO - [ai_processor.py:224] -   [IO BINDING ✓] Enabled for Face Detection
2026-03-23 05:01:26,441 - ryuk - INFO - [ai_processor.py:264] - [GlobalAI] Batch Worker Started (Threads=4)
2026-03-23 05:01:26,442 - ryuk - INFO - [ai_processor.py:244] -   [TRT ✓] detection active
2026-03-23 05:01:26,442 - ryuk - INFO - [ai_processor.py:244] -   [TRT ✓] recognition active
2026-03-23 05:01:26,442 - ryuk - INFO - [ai_processor.py:391] - GPU Warmup (Managed Batching)...
2026-03-23 05:01:26,606 - ryuk - INFO - [database.py:27] - MongoDB: Database and indexes initialized.
2026-03-23 05:01:26,764 - ryuk - INFO - [ai_processor.py:395] - GPU Warmup Complete.
2026-03-23 05:01:30,261 - ryuk - INFO - [ai_processor.py:168] - Initializing Global AI Processor | ORT 1.24.2 | Providers: ['TensorrtExecutionProvider', 'CUDAExecutionProvider', 'CPUExecutionProvider']
2026-03-23 05:01:30,823 - ryuk - INFO - [ai_processor.py:224] -   [IO BINDING ✓] Enabled for Face Detection
2026-03-23 05:01:30,855 - ryuk - INFO - [ai_processor.py:264] - [GlobalAI] Batch Worker Started (Threads=4)
2026-03-23 05:01:30,856 - ryuk - INFO - [ai_processor.py:244] -   [TRT ✓] detection active
2026-03-23 05:01:30,856 - ryuk - INFO - [ai_processor.py:244] -   [TRT ✓] recognition active
2026-03-23 05:01:30,856 - ryuk - INFO - [ai_processor.py:391] - GPU Warmup (Managed Batching)...
2026-03-23 05:01:31,344 - ryuk - INFO - [ai_processor.py:395] - GPU Warmup Complete.
2026-03-23 05:01:32,432 - ryuk - INFO - [ai_processor.py:168] - Initializing Global AI Processor | ORT 1.24.2 | Providers: ['TensorrtExecutionProvider', 'CUDAExecutionProvider', 'CPUExecutionProvider']
2026-03-23 05:01:33,016 - ryuk - INFO - [ai_processor.py:224] -   [IO BINDING ✓] Enabled for Face Detection
2026-03-23 05:01:33,049 - ryuk - INFO - [ai_processor.py:264] - [GlobalAI] Batch Worker Started (Threads=4)
2026-03-23 05:01:33,050 - ryuk - INFO - [ai_processor.py:244] -   [TRT ✓] detection active
2026-03-23 05:01:33,051 - ryuk - INFO - [ai_processor.py:244] -   [TRT ✓] recognition active
2026-03-23 05:01:33,051 - ryuk - INFO - [ai_processor.py:391] - GPU Warmup (Managed Batching)...
2026-03-23 05:01:33,347 - ryuk - INFO - [ai_processor.py:395] - GPU Warmup Complete.
2026-03-23 05:05:01,970 - ryuk - INFO - [ai_processor.py:168] - Initializing Global AI Processor | ORT 1.24.2 | Providers: ['TensorrtExecutionProvider', 'CUDAExecutionProvider', 'CPUExecutionProvider']
2026-03-23 05:05:04,170 - ryuk - INFO - [ai_processor.py:224] -   [IO BINDING ✓] Enabled for Face Detection
2026-03-23 05:05:04,203 - ryuk - INFO - [ai_processor.py:264] - [GlobalAI] Batch Worker Started (Threads=4)
2026-03-23 05:05:04,203 - ryuk - INFO - [ai_processor.py:244] -   [TRT ✓] detection active
2026-03-23 05:05:04,204 - ryuk - INFO - [ai_processor.py:244] -   [TRT ✓] recognition active
2026-03-23 05:05:04,204 - ryuk - INFO - [ai_processor.py:391] - GPU Warmup (Managed Batching)...
2026-03-23 05:05:04,353 - ryuk - INFO - [database.py:27] - MongoDB: Database and indexes initialized.
2026-03-23 05:05:04,514 - ryuk - INFO - [ai_processor.py:395] - GPU Warmup Complete.
2026-03-23 05:05:07,979 - ryuk - INFO - [ai_processor.py:168] - Initializing Global AI Processor | ORT 1.24.2 | Providers: ['TensorrtExecutionProvider', 'CUDAExecutionProvider', 'CPUExecutionProvider']
2026-03-23 05:05:08,514 - ryuk - INFO - [ai_processor.py:224] -   [IO BINDING ✓] Enabled for Face Detection
2026-03-23 05:05:08,547 - ryuk - INFO - [ai_processor.py:264] - [GlobalAI] Batch Worker Started (Threads=4)
2026-03-23 05:05:08,547 - ryuk - INFO - [ai_processor.py:244] -   [TRT ✓] detection active
2026-03-23 05:05:08,547 - ryuk - INFO - [ai_processor.py:244] -   [TRT ✓] recognition active
2026-03-23 05:05:08,548 - ryuk - INFO - [ai_processor.py:391] - GPU Warmup (Managed Batching)...
2026-03-23 05:05:09,049 - ryuk - INFO - [ai_processor.py:395] - GPU Warmup Complete.
2026-03-23 05:05:09,973 - ryuk - INFO - [ai_processor.py:168] - Initializing Global AI Processor | ORT 1.24.2 | Providers: ['TensorrtExecutionProvider', 'CUDAExecutionProvider', 'CPUExecutionProvider']
2026-03-23 05:05:10,553 - ryuk - INFO - [ai_processor.py:224] -   [IO BINDING ✓] Enabled for Face Detection
2026-03-23 05:05:10,587 - ryuk - INFO - [ai_processor.py:264] - [GlobalAI] Batch Worker Started (Threads=4)
2026-03-23 05:05:10,588 - ryuk - INFO - [ai_processor.py:244] -   [TRT ✓] detection active
2026-03-23 05:05:10,588 - ryuk - INFO - [ai_processor.py:244] -   [TRT ✓] recognition active
2026-03-23 05:05:10,588 - ryuk - INFO - [ai_processor.py:391] - GPU Warmup (Managed Batching)...
2026-03-23 05:05:10,852 - ryuk - INFO - [ai_processor.py:395] - GPU Warmup Complete.
2026-03-23 05:18:07,223 - ryuk - INFO - [ai_processor.py:168] - Initializing Global AI Processor | ORT 1.24.2 | Providers: ['TensorrtExecutionProvider', 'CUDAExecutionProvider', 'CPUExecutionProvider']
2026-03-23 05:18:09,745 - ryuk - INFO - [ai_processor.py:224] -   [IO BINDING ✓] Enabled for Face Detection
2026-03-23 05:18:09,794 - ryuk - INFO - [ai_processor.py:264] - [GlobalAI] Batch Worker Started (Threads=4)
2026-03-23 05:18:09,795 - ryuk - INFO - [ai_processor.py:244] -   [TRT ✓] detection active
2026-03-23 05:18:09,795 - ryuk - INFO - [ai_processor.py:244] -   [TRT ✓] recognition active
2026-03-23 05:18:09,797 - ryuk - INFO - [ai_processor.py:391] - GPU Warmup (Managed Batching)...
2026-03-23 05:18:10,270 - ryuk - INFO - [database.py:27] - MongoDB: Database and indexes initialized.
2026-03-23 05:18:10,347 - ryuk - INFO - [ai_processor.py:395] - GPU Warmup Complete.
2026-03-23 05:18:13,527 - ryuk - INFO - [ai_processor.py:168] - Initializing Global AI Processor | ORT 1.24.2 | Providers: ['TensorrtExecutionProvider', 'CUDAExecutionProvider', 'CPUExecutionProvider']
2026-03-23 05:18:14,034 - ryuk - INFO - [ai_processor.py:224] -   [IO BINDING ✓] Enabled for Face Detection
2026-03-23 05:18:14,065 - ryuk - INFO - [ai_processor.py:264] - [GlobalAI] Batch Worker Started (Threads=4)
2026-03-23 05:18:14,065 - ryuk - INFO - [ai_processor.py:244] -   [TRT ✓] detection active
2026-03-23 05:18:14,065 - ryuk - INFO - [ai_processor.py:244] -   [TRT ✓] recognition active
2026-03-23 05:18:14,065 - ryuk - INFO - [ai_processor.py:391] - GPU Warmup (Managed Batching)...
2026-03-23 05:18:14,520 - ryuk - INFO - [ai_processor.py:395] - GPU Warmup Complete.
2026-03-23 05:18:15,584 - ryuk - INFO - [ai_processor.py:168] - Initializing Global AI Processor | ORT 1.24.2 | Providers: ['TensorrtExecutionProvider', 'CUDAExecutionProvider', 'CPUExecutionProvider']
2026-03-23 05:18:16,266 - ryuk - INFO - [ai_processor.py:224] -   [IO BINDING ✓] Enabled for Face Detection
2026-03-23 05:18:16,299 - ryuk - INFO - [ai_processor.py:264] - [GlobalAI] Batch Worker Started (Threads=4)
2026-03-23 05:18:16,299 - ryuk - INFO - [ai_processor.py:244] -   [TRT ✓] detection active
2026-03-23 05:18:16,300 - ryuk - INFO - [ai_processor.py:244] -   [TRT ✓] recognition active
2026-03-23 05:18:16,300 - ryuk - INFO - [ai_processor.py:391] - GPU Warmup (Managed Batching)...
2026-03-23 05:18:16,571 - ryuk - INFO - [ai_processor.py:395] - GPU Warmup Complete.
2026-03-23 05:18:30,558 - ryuk - INFO - [ai_processor.py:168] - Initializing Global AI Processor | ORT 1.24.2 | Providers: ['TensorrtExecutionProvider', 'CUDAExecutionProvider', 'CPUExecutionProvider']
2026-03-23 05:18:31,005 - ryuk - INFO - [ai_processor.py:224] -   [IO BINDING ✓] Enabled for Face Detection
2026-03-23 05:18:31,033 - ryuk - INFO - [ai_processor.py:264] - [GlobalAI] Batch Worker Started (Threads=4)
2026-03-23 05:18:31,033 - ryuk - INFO - [ai_processor.py:244] -   [TRT ✓] detection active
2026-03-23 05:18:31,034 - ryuk - INFO - [ai_processor.py:244] -   [TRT ✓] recognition active
2026-03-23 05:18:31,034 - ryuk - INFO - [ai_processor.py:391] - GPU Warmup (Managed Batching)...
2026-03-23 05:18:31,346 - ryuk - INFO - [ai_processor.py:395] - GPU Warmup Complete.
2026-03-23 05:18:57,297 - ryuk - INFO - [ai_processor.py:168] - Initializing Global AI Processor | ORT 1.24.2 | Providers: ['TensorrtExecutionProvider', 'CUDAExecutionProvider', 'CPUExecutionProvider']
2026-03-23 05:18:57,861 - ryuk - INFO - [ai_processor.py:224] -   [IO BINDING ✓] Enabled for Face Detection
2026-03-23 05:18:57,894 - ryuk - INFO - [ai_processor.py:264] - [GlobalAI] Batch Worker Started (Threads=4)
2026-03-23 05:18:57,895 - ryuk - INFO - [ai_processor.py:244] -   [TRT ✓] detection active
2026-03-23 05:18:57,895 - ryuk - INFO - [ai_processor.py:244] -   [TRT ✓] recognition active
2026-03-23 05:18:57,895 - ryuk - INFO - [ai_processor.py:391] - GPU Warmup (Managed Batching)...
2026-03-23 05:18:58,069 - ryuk - INFO - [database.py:27] - MongoDB: Database and indexes initialized.
2026-03-23 05:18:58,187 - ryuk - INFO - [ai_processor.py:395] - GPU Warmup Complete.
2026-03-23 05:19:01,081 - ryuk - INFO - [ai_processor.py:168] - Initializing Global AI Processor | ORT 1.24.2 | Providers: ['TensorrtExecutionProvider', 'CUDAExecutionProvider', 'CPUExecutionProvider']
2026-03-23 05:19:01,597 - ryuk - INFO - [ai_processor.py:224] -   [IO BINDING ✓] Enabled for Face Detection
2026-03-23 05:19:01,630 - ryuk - INFO - [ai_processor.py:264] - [GlobalAI] Batch Worker Started (Threads=4)
2026-03-23 05:19:01,631 - ryuk - INFO - [ai_processor.py:244] -   [TRT ✓] detection active
2026-03-23 05:19:01,631 - ryuk - INFO - [ai_processor.py:244] -   [TRT ✓] recognition active
2026-03-23 05:19:01,631 - ryuk - INFO - [ai_processor.py:391] - GPU Warmup (Managed Batching)...
2026-03-23 05:19:02,076 - ryuk - INFO - [ai_processor.py:395] - GPU Warmup Complete.
2026-03-23 05:19:03,442 - ryuk - INFO - [ai_processor.py:168] - Initializing Global AI Processor | ORT 1.24.2 | Providers: ['TensorrtExecutionProvider', 'CUDAExecutionProvider', 'CPUExecutionProvider']
2026-03-23 05:19:03,987 - ryuk - INFO - [ai_processor.py:224] -   [IO BINDING ✓] Enabled for Face Detection
2026-03-23 05:19:04,019 - ryuk - INFO - [ai_processor.py:264] - [GlobalAI] Batch Worker Started (Threads=4)
2026-03-23 05:19:04,019 - ryuk - INFO - [ai_processor.py:244] -   [TRT ✓] detection active
2026-03-23 05:19:04,019 - ryuk - INFO - [ai_processor.py:244] -   [TRT ✓] recognition active
2026-03-23 05:19:04,019 - ryuk - INFO - [ai_processor.py:391] - GPU Warmup (Managed Batching)...
2026-03-23 05:19:04,284 - ryuk - INFO - [ai_processor.py:395] - GPU Warmup Complete.
2026-03-23 05:21:29,744 - ryuk - INFO - [ai_processor.py:168] - Initializing Global AI Processor | ORT 1.24.2 | Providers: ['TensorrtExecutionProvider', 'CUDAExecutionProvider', 'CPUExecutionProvider']
2026-03-23 05:21:31,885 - ryuk - INFO - [ai_processor.py:224] -   [IO BINDING ✓] Enabled for Face Detection
2026-03-23 05:21:31,917 - ryuk - INFO - [ai_processor.py:264] - [GlobalAI] Batch Worker Started (Threads=4)
2026-03-23 05:21:31,917 - ryuk - INFO - [ai_processor.py:244] -   [TRT ✓] detection active
2026-03-23 05:21:31,917 - ryuk - INFO - [ai_processor.py:244] -   [TRT ✓] recognition active
2026-03-23 05:21:31,917 - ryuk - INFO - [ai_processor.py:391] - GPU Warmup (Managed Batching)...
2026-03-23 05:21:32,073 - ryuk - INFO - [database.py:27] - MongoDB: Database and indexes initialized.
2026-03-23 05:21:32,205 - ryuk - INFO - [ai_processor.py:395] - GPU Warmup Complete.
2026-03-23 05:21:35,362 - ryuk - INFO - [ai_processor.py:168] - Initializing Global AI Processor | ORT 1.24.2 | Providers: ['TensorrtExecutionProvider', 'CUDAExecutionProvider', 'CPUExecutionProvider']
2026-03-23 05:21:35,878 - ryuk - INFO - [ai_processor.py:224] -   [IO BINDING ✓] Enabled for Face Detection
2026-03-23 05:21:35,910 - ryuk - INFO - [ai_processor.py:264] - [GlobalAI] Batch Worker Started (Threads=4)
2026-03-23 05:21:35,910 - ryuk - INFO - [ai_processor.py:244] -   [TRT ✓] detection active
2026-03-23 05:21:35,910 - ryuk - INFO - [ai_processor.py:244] -   [TRT ✓] recognition active
2026-03-23 05:21:35,910 - ryuk - INFO - [ai_processor.py:391] - GPU Warmup (Managed Batching)...
2026-03-23 05:21:36,365 - ryuk - INFO - [ai_processor.py:395] - GPU Warmup Complete.
2026-03-23 05:21:37,591 - ryuk - INFO - [ai_processor.py:168] - Initializing Global AI Processor | ORT 1.24.2 | Providers: ['TensorrtExecutionProvider', 'CUDAExecutionProvider', 'CPUExecutionProvider']
2026-03-23 05:21:38,186 - ryuk - INFO - [ai_processor.py:224] -   [IO BINDING ✓] Enabled for Face Detection
2026-03-23 05:21:38,220 - ryuk - INFO - [ai_processor.py:264] - [GlobalAI] Batch Worker Started (Threads=4)
2026-03-23 05:21:38,220 - ryuk - INFO - [ai_processor.py:244] -   [TRT ✓] detection active
2026-03-23 05:21:38,220 - ryuk - INFO - [ai_processor.py:244] -   [TRT ✓] recognition active
2026-03-23 05:21:38,220 - ryuk - INFO - [ai_processor.py:391] - GPU Warmup (Managed Batching)...
2026-03-23 05:21:38,494 - ryuk - INFO - [ai_processor.py:395] - GPU Warmup Complete.
2026-03-23 05:24:07,962 - ryuk - INFO - [ai_processor.py:168] - Initializing Global AI Processor | ORT 1.24.2 | Providers: ['TensorrtExecutionProvider', 'CUDAExecutionProvider', 'CPUExecutionProvider']
2026-03-23 05:24:10,086 - ryuk - INFO - [ai_processor.py:224] -   [IO BINDING ✓] Enabled for Face Detection
2026-03-23 05:24:10,119 - ryuk - INFO - [ai_processor.py:264] - [GlobalAI] Batch Worker Started (Threads=4)
2026-03-23 05:24:10,119 - ryuk - INFO - [ai_processor.py:244] -   [TRT ✓] detection active
2026-03-23 05:24:10,119 - ryuk - INFO - [ai_processor.py:244] -   [TRT ✓] recognition active
2026-03-23 05:24:10,120 - ryuk - INFO - [ai_processor.py:391] - GPU Warmup (Managed Batching)...
2026-03-23 05:24:10,271 - ryuk - INFO - [database.py:27] - MongoDB: Database and indexes initialized.
2026-03-23 05:24:10,399 - ryuk - INFO - [ai_processor.py:395] - GPU Warmup Complete.
2026-03-23 05:24:13,403 - ryuk - INFO - [ai_processor.py:168] - Initializing Global AI Processor | ORT 1.24.2 | Providers: ['TensorrtExecutionProvider', 'CUDAExecutionProvider', 'CPUExecutionProvider']
2026-03-23 05:24:13,911 - ryuk - INFO - [ai_processor.py:224] -   [IO BINDING ✓] Enabled for Face Detection
2026-03-23 05:24:13,941 - ryuk - INFO - [ai_processor.py:264] - [GlobalAI] Batch Worker Started (Threads=4)
2026-03-23 05:24:13,941 - ryuk - INFO - [ai_processor.py:244] -   [TRT ✓] detection active
2026-03-23 05:24:13,941 - ryuk - INFO - [ai_processor.py:244] -   [TRT ✓] recognition active
2026-03-23 05:24:13,941 - ryuk - INFO - [ai_processor.py:391] - GPU Warmup (Managed Batching)...
2026-03-23 05:24:14,355 - ryuk - INFO - [ai_processor.py:395] - GPU Warmup Complete.
2026-03-23 05:24:15,518 - ryuk - INFO - [ai_processor.py:168] - Initializing Global AI Processor | ORT 1.24.2 | Providers: ['TensorrtExecutionProvider', 'CUDAExecutionProvider', 'CPUExecutionProvider']
2026-03-23 05:24:16,135 - ryuk - INFO - [ai_processor.py:224] -   [IO BINDING ✓] Enabled for Face Detection
2026-03-23 05:24:16,168 - ryuk - INFO - [ai_processor.py:264] - [GlobalAI] Batch Worker Started (Threads=4)
2026-03-23 05:24:16,168 - ryuk - INFO - [ai_processor.py:244] -   [TRT ✓] detection active
2026-03-23 05:24:16,168 - ryuk - INFO - [ai_processor.py:244] -   [TRT ✓] recognition active
2026-03-23 05:24:16,169 - ryuk - INFO - [ai_processor.py:391] - GPU Warmup (Managed Batching)...
2026-03-23 05:24:16,449 - ryuk - INFO - [ai_processor.py:395] - GPU Warmup Complete.
2026-03-23 05:25:25,306 - ryuk - INFO - [ai_processor.py:168] - Initializing Global AI Processor | ORT 1.24.2 | Providers: ['TensorrtExecutionProvider', 'CUDAExecutionProvider', 'CPUExecutionProvider']
2026-03-23 05:25:25,868 - ryuk - INFO - [ai_processor.py:224] -   [IO BINDING ✓] Enabled for Face Detection
2026-03-23 05:25:25,902 - ryuk - INFO - [ai_processor.py:264] - [GlobalAI] Batch Worker Started (Threads=4)
2026-03-23 05:25:25,903 - ryuk - INFO - [ai_processor.py:244] -   [TRT ✓] detection active
2026-03-23 05:25:25,903 - ryuk - INFO - [ai_processor.py:244] -   [TRT ✓] recognition active
2026-03-23 05:25:25,903 - ryuk - INFO - [ai_processor.py:391] - GPU Warmup (Managed Batching)...
2026-03-23 05:25:26,060 - ryuk - INFO - [database.py:27] - MongoDB: Database and indexes initialized.
2026-03-23 05:25:26,196 - ryuk - INFO - [ai_processor.py:395] - GPU Warmup Complete.
2026-03-23 05:25:29,654 - ryuk - INFO - [ai_processor.py:168] - Initializing Global AI Processor | ORT 1.24.2 | Providers: ['TensorrtExecutionProvider', 'CUDAExecutionProvider', 'CPUExecutionProvider']
2026-03-23 05:25:30,307 - ryuk - INFO - [ai_processor.py:224] -   [IO BINDING ✓] Enabled for Face Detection
2026-03-23 05:25:30,340 - ryuk - INFO - [ai_processor.py:264] - [GlobalAI] Batch Worker Started (Threads=4)
2026-03-23 05:25:30,341 - ryuk - INFO - [ai_processor.py:244] -   [TRT ✓] detection active
2026-03-23 05:25:30,341 - ryuk - INFO - [ai_processor.py:244] -   [TRT ✓] recognition active
2026-03-23 05:25:30,341 - ryuk - INFO - [ai_processor.py:391] - GPU Warmup (Managed Batching)...
2026-03-23 05:25:30,969 - ryuk - INFO - [ai_processor.py:395] - GPU Warmup Complete.
2026-03-23 05:25:31,658 - ryuk - INFO - [ai_processor.py:168] - Initializing Global AI Processor | ORT 1.24.2 | Providers: ['TensorrtExecutionProvider', 'CUDAExecutionProvider', 'CPUExecutionProvider']
2026-03-23 05:25:32,212 - ryuk - INFO - [ai_processor.py:224] -   [IO BINDING ✓] Enabled for Face Detection
2026-03-23 05:25:32,247 - ryuk - INFO - [ai_processor.py:264] - [GlobalAI] Batch Worker Started (Threads=4)
2026-03-23 05:25:32,247 - ryuk - INFO - [ai_processor.py:244] -   [TRT ✓] detection active
2026-03-23 05:25:32,247 - ryuk - INFO - [ai_processor.py:244] -   [TRT ✓] recognition active
2026-03-23 05:25:32,248 - ryuk - INFO - [ai_processor.py:391] - GPU Warmup (Managed Batching)...
2026-03-23 05:25:32,515 - ryuk - INFO - [ai_processor.py:395] - GPU Warmup Complete.
