Bootstrap completed, continuing with imports
Initializing Global AI Processor | ORT 1.24.2 | Providers: ['TensorrtExecutionProvider', 'CUDAExecutionProvider', 'CPUExecutionProvider']
Applied providers: ['TensorrtExecutionProvider', 'CUDAExecutionProvider', 'CPUExecutionProvider'], with options: {'CPUExecutionProvider': {}, 'CUDAExecutionProvider': {'sdpa_kernel': '0', 'use_tf32': '1', 'fuse_conv_bias': '0', 'prefer_nhwc': '0', 'tunable_op_max_tuning_duration_ms': '0', 'enable_skip_layer_norm_strict_mode': '0', 'tunable_op_tuning_enable': '0', 'tunable_op_enable': '0', 'use_ep_level_unified_stream': '0', 'device_id': '0', 'has_user_compute_stream': '0', 'gpu_external_empty_cache': '0', 'cudnn_conv_algo_search': 'EXHAUSTIVE', 'cudnn_conv1d_pad_to_nc1d': '0', 'gpu_mem_limit': '4294967296', 'gpu_external_alloc': '0', 'gpu_external_free': '0', 'arena_extend_strategy': 'kSameAsRequested', 'do_copy_in_default_stream': '1', 'enable_cuda_graph': '0', 'user_compute_stream': '0', 'cudnn_conv_use_max_workspace': '1'}, 'TensorrtExecutionProvider': {'trt_load_user_initializer': '0', 'trt_op_types_to_exclude': '', 'trt_external_data_bytestream': '0', 'trt_preview_features': '', 'trt_engine_hw_compatible': '0', 'trt_ep_context_file_path': '', 'trt_dump_ep_context_model': '0', 'trt_cuda_graph_enable': '0', 'trt_profile_opt_shapes': '', 'trt_onnx_bytestream_size': '0', 'trt_profile_min_shapes': '', 'trt_onnx_bytestream': '0', 'trt_extra_plugin_lib_paths': '', 'trt_builder_optimization_level': '5', 'trt_sparsity_enable': '0', 'trt_dla_core': '0', 'trt_engine_cache_path': '/home/sajithindra/Projects/ryuk.ai/core/../data/trt_cache', 'trt_int8_calibration_table_name': '', 'trt_tactic_sources': '', 'trt_bf16_enable': '0', 'trt_weight_stripped_engine_enable': '0', 'trt_fp16_enable': '1', 'trt_max_workspace_size': '4294967296', 'trt_int8_enable': '0', 'trt_min_subgraph_size': '1', 'trt_external_data_bytestream_size': '0', 'trt_engine_decryption_lib_path': '', 'trt_int8_use_native_calibration_table': '0', 'trt_profile_max_shapes': '', 'trt_timing_cache_enable': '1', 'user_compute_stream': '0', 'trt_onnx_model_folder_path': '', 'trt_max_partition_iterations': '1000', 'trt_auxiliary_streams': '-1', 'device_id': '0', 'trt_build_heuristics_enable': '0', 'has_user_compute_stream': '0', 'trt_dump_subgraphs': '0', 'trt_dla_enable': '0', 'trt_engine_cache_prefix': '', 'trt_engine_cache_enable': '1', 'trt_engine_decryption_enable': '0', 'trt_force_timing_cache': '0', 'trt_layer_norm_fp32_fallback': '0', 'trt_force_sequential_engine_build': '0', 'trt_context_memory_sharing_enable': '0', 'trt_timing_cache_path': '/home/sajithindra/Projects/ryuk.ai/core/../data/trt_cache', 'trt_ep_context_embed_mode': '0', 'trt_detailed_build_log': '0'}}
find model: /home/sajithindra/.insightface/models/buffalo_sc/det_500m.onnx detection [1, 3, '?', '?'] 127.5 128.0
Applied providers: ['TensorrtExecutionProvider', 'CUDAExecutionProvider', 'CPUExecutionProvider'], with options: {'CPUExecutionProvider': {}, 'CUDAExecutionProvider': {'sdpa_kernel': '0', 'use_tf32': '1', 'fuse_conv_bias': '0', 'prefer_nhwc': '0', 'tunable_op_max_tuning_duration_ms': '0', 'enable_skip_layer_norm_strict_mode': '0', 'tunable_op_tuning_enable': '0', 'tunable_op_enable': '0', 'use_ep_level_unified_stream': '0', 'device_id': '0', 'has_user_compute_stream': '0', 'gpu_external_empty_cache': '0', 'cudnn_conv_algo_search': 'EXHAUSTIVE', 'cudnn_conv1d_pad_to_nc1d': '0', 'gpu_mem_limit': '4294967296', 'gpu_external_alloc': '0', 'gpu_external_free': '0', 'arena_extend_strategy': 'kSameAsRequested', 'do_copy_in_default_stream': '1', 'enable_cuda_graph': '0', 'user_compute_stream': '0', 'cudnn_conv_use_max_workspace': '1'}, 'TensorrtExecutionProvider': {'trt_load_user_initializer': '0', 'trt_op_types_to_exclude': '', 'trt_external_data_bytestream': '0', 'trt_preview_features': '', 'trt_engine_hw_compatible': '0', 'trt_ep_context_file_path': '', 'trt_dump_ep_context_model': '0', 'trt_cuda_graph_enable': '0', 'trt_profile_opt_shapes': '', 'trt_onnx_bytestream_size': '0', 'trt_profile_min_shapes': '', 'trt_onnx_bytestream': '0', 'trt_extra_plugin_lib_paths': '', 'trt_builder_optimization_level': '5', 'trt_sparsity_enable': '0', 'trt_dla_core': '0', 'trt_engine_cache_path': '/home/sajithindra/Projects/ryuk.ai/core/../data/trt_cache', 'trt_int8_calibration_table_name': '', 'trt_tactic_sources': '', 'trt_bf16_enable': '0', 'trt_weight_stripped_engine_enable': '0', 'trt_fp16_enable': '1', 'trt_max_workspace_size': '4294967296', 'trt_int8_enable': '0', 'trt_min_subgraph_size': '1', 'trt_external_data_bytestream_size': '0', 'trt_engine_decryption_lib_path': '', 'trt_int8_use_native_calibration_table': '0', 'trt_profile_max_shapes': '', 'trt_timing_cache_enable': '1', 'user_compute_stream': '0', 'trt_onnx_model_folder_path': '', 'trt_max_partition_iterations': '1000', 'trt_auxiliary_streams': '-1', 'device_id': '0', 'trt_build_heuristics_enable': '0', 'has_user_compute_stream': '0', 'trt_dump_subgraphs': '0', 'trt_dla_enable': '0', 'trt_engine_cache_prefix': '', 'trt_engine_cache_enable': '1', 'trt_engine_decryption_enable': '0', 'trt_force_timing_cache': '0', 'trt_layer_norm_fp32_fallback': '0', 'trt_force_sequential_engine_build': '0', 'trt_context_memory_sharing_enable': '0', 'trt_timing_cache_path': '/home/sajithindra/Projects/ryuk.ai/core/../data/trt_cache', 'trt_ep_context_embed_mode': '0', 'trt_detailed_build_log': '0'}}
find model: /home/sajithindra/.insightface/models/buffalo_sc/w600k_mbf.onnx recognition ['None', 3, 112, 112] 127.5 127.5
set det-size: (640, 640)
  [DEBUG] Setting up IO Binding for Detection
  [IO BINDING ✓] Enabled for Detection
  [TRT ✓] detection active
  [TRT ✓] recognition active
GPU Warmup (Managed Batching)...
Redis: Connected successfully.
FAISS: (Shadow Index Synced) Loaded 7 vectors for 3 identities.
============================================================
RYUK AI — FAISS SEARCH SERVICE
============================================================

[READY] Waiting for embedding stream ('ryuk:embed')...
GPU Warmup Complete.
BIO-LOG: Score: 0.300 | Threshold: 0.443 | REJECT
BIO-LOG: Score: 0.354 | Threshold: 0.455 | REJECT
BIO-LOG: Score: 0.260 | Threshold: 0.450 | REJECT
BIO-LOG: Score: 0.519 | Threshold: 0.435 | MATCH
BIO-LOG: Score: 0.576 | Threshold: 0.435 | MATCH
BIO-LOG: Score: 0.593 | Threshold: 0.424 | MATCH
BIO-LOG: Score: 0.630 | Threshold: 0.425 | MATCH
BIO-LOG: Score: 0.667 | Threshold: 0.416 | MATCH
BIO-LOG: Score: 0.668 | Threshold: 0.422 | MATCH
BIO-LOG: Score: 0.566 | Threshold: 0.439 | MATCH
BIO-LOG: Score: 0.556 | Threshold: 0.427 | MATCH
BIO-LOG: Score: 0.531 | Threshold: 0.440 | MATCH
BIO-LOG: Score: 0.515 | Threshold: 0.441 | MATCH
BIO-LOG: Score: 0.500 | Threshold: 0.449 | MATCH
BIO-LOG: Score: 0.500 | Threshold: 0.449 | MATCH
BIO-LOG: Score: 0.493 | Threshold: 0.444 | MATCH
BIO-LOG: Score: 0.584 | Threshold: 0.429 | MATCH
BIO-LOG: Score: 0.532 | Threshold: 0.441 | MATCH
BIO-LOG: Score: 0.509 | Threshold: 0.439 | MATCH
BIO-LOG: Score: 0.594 | Threshold: 0.434 | MATCH
BIO-LOG: Score: 0.721 | Threshold: 0.400 | MATCH
PERF: Searched 1 faces for 192.168.1.54 | Latency: 0.24ms
BIO-LOG: Score: 0.722 | Threshold: 0.413 | MATCH
BIO-LOG: Score: 0.754 | Threshold: 0.417 | MATCH
BIO-LOG: Score: 0.778 | Threshold: 0.424 | MATCH
BIO-LOG: Score: 0.737 | Threshold: 0.422 | MATCH
BIO-LOG: Score: 0.752 | Threshold: 0.421 | MATCH
BIO-LOG: Score: 0.748 | Threshold: 0.423 | MATCH
BIO-LOG: Score: 0.748 | Threshold: 0.423 | MATCH
BIO-LOG: Score: 0.789 | Threshold: 0.409 | MATCH
BIO-LOG: Score: 0.746 | Threshold: 0.410 | MATCH
BIO-LOG: Score: 0.771 | Threshold: 0.408 | MATCH
BIO-LOG: Score: 0.782 | Threshold: 0.406 | MATCH
BIO-LOG: Score: 0.815 | Threshold: 0.410 | MATCH
BIO-LOG: Score: 0.830 | Threshold: 0.411 | MATCH
BIO-LOG: Score: 0.830 | Threshold: 0.411 | MATCH
BIO-LOG: Score: 0.832 | Threshold: 0.409 | MATCH
BIO-LOG: Score: 0.835 | Threshold: 0.409 | MATCH
BIO-LOG: Score: 0.834 | Threshold: 0.409 | MATCH
BIO-LOG: Score: 0.833 | Threshold: 0.408 | MATCH
BIO-LOG: Score: 0.823 | Threshold: 0.410 | MATCH
BIO-LOG: Score: 0.822 | Threshold: 0.411 | MATCH
